RUN	computerdatabase.gatling	gatling	1635876336373	 	3.6.1
USER	gatling	START	1635876337898
REQUEST		request_0	1635876337913	1635876338712	OK	 
REQUEST		request_15	1635876338890	1635876339373	OK	 
REQUEST		request_12	1635876338879	1635876339378	OK	 
REQUEST		request_11	1635876338878	1635876339384	OK	 
REQUEST		request_10	1635876338874	1635876339391	OK	 
REQUEST		request_37	1635876339064	1635876339394	OK	 
REQUEST		request_36	1635876338977	1635876339394	OK	 
REQUEST		request_24	1635876338910	1635876339395	OK	 
REQUEST		request_17	1635876338909	1635876339396	OK	 
REQUEST		request_21	1635876338910	1635876339396	OK	 
REQUEST		request_30	1635876338808	1635876339406	OK	 
REQUEST		request_1	1635876338976	1635876339415	OK	 
REQUEST		request_38	1635876338926	1635876339423	OK	 
REQUEST		request_19	1635876338879	1635876339424	OK	 
REQUEST		request_32	1635876338925	1635876339427	OK	 
REQUEST		request_35	1635876339081	1635876339429	OK	 
REQUEST		css2?family=DM+Sans:ital,wght@0,400;0,500;0,700;1,400;1,500;1,700&display=swap	1635876338970	1635876339430	OK	 
REQUEST		request_22	1635876338943	1635876339432	OK	 
REQUEST		request_28	1635876339076	1635876339434	OK	 
REQUEST		request_20	1635876338909	1635876339437	OK	 
REQUEST		js?id=UA-53375088-1	1635876338871	1635876339439	OK	 
REQUEST		request_16	1635876338873	1635876339447	OK	 
REQUEST		request_14	1635876338873	1635876339453	OK	 
REQUEST		request_23	1635876339029	1635876339454	OK	 
REQUEST		request_26	1635876339053	1635876339457	OK	 
REQUEST		request_33	1635876338961	1635876339458	OK	 
REQUEST		request_25	1635876338938	1635876339466	OK	 
REQUEST		request_27	1635876338940	1635876339467	OK	 
REQUEST		request_34	1635876338889	1635876339475	OK	 
REQUEST		request_13	1635876338873	1635876339481	OK	 
REQUEST		request_39	1635876338995	1635876339486	OK	 
REQUEST		request_29	1635876339080	1635876339498	OK	 
REQUEST		request_31	1635876339038	1635876339505	OK	 
REQUEST		request_39	1635876339497	1635876339539	OK	 
REQUEST		request_40	1635876338911	1635876339730	OK	 
REQUEST		request_39	1635876339542	1635876339730	OK	 
REQUEST		request_39	1635876339731	1635876339818	OK	 
REQUEST		logo-gatling.svg	1635876338942	1635876339865	OK	 
REQUEST		main.c140ba52ef69f5424b8b8c12f3173f6fdfcac12dfea66b9c4db9456047295a47b6ff2e528eeab87975ac00ca78f45a7d775c5a45a58675df5c5ec54ac74bd5c5.css	1635876338940	1635876339867	OK	 
REQUEST		logo-gatling-noir.svg	1635876338942	1635876339878	OK	 
REQUEST		gatling-favicon.png	1635876338941	1635876339879	OK	 
REQUEST		gatling-favicon-1.png	1635876338942	1635876339880	OK	 
REQUEST		request_39	1635876339819	1635876339927	OK	 
REQUEST		request_39	1635876339928	1635876340019	OK	 
REQUEST		index.js	1635876339877	1635876340021	OK	 
REQUEST		jquery.min.e1fcfd6f73099aa1be584a62b12290a21858b160705b787269ea79c6b9035add1a447ef74aa66f8172d5189a922e4b6a68f2f6711ba067f2a4de6c2d26bbc971.js	1635876338943	1635876340370	OK	 
REQUEST		request_5	1635876339878	1635876340372	OK	 
REQUEST		request_8	1635876340022	1635876340373	OK	 
REQUEST		main.min.675b6b7e6bfa0239b2218b233e51e5ff80bd43e13d0dcec2f1abf709ac9091a7182ed0b830e5eb240af17e4d781620ad30acfd058af12934d3eae0b8534f76e9.js	1635876339866	1635876340509	OK	 
REQUEST		request_9	1635876340371	1635876340511	OK	 
REQUEST		request_7	1635876339880	1635876340517	OK	 
REQUEST		request_6	1635876339879	1635876340519	OK	 
REQUEST		request_18	1635876340372	1635876340753	OK	 
REQUEST		request_41	1635876344757	1635876344799	OK	 
USER	gatling	END	1635876344810
