RUN	computerdatabase.gatling	gatling	1635876234107	 	3.6.1
USER	gatling	START	1635876235361
REQUEST		request_0	1635876235379	1635876235969	OK	 
REQUEST		request_22	1635876236234	1635876236447	OK	 
REQUEST		request_12	1635876236141	1635876236449	OK	 
REQUEST		request_10	1635876236137	1635876236452	OK	 
REQUEST		request_15	1635876236154	1635876236455	OK	 
REQUEST		request_38	1635876236204	1635876236461	OK	 
REQUEST		request_11	1635876236141	1635876236467	OK	 
REQUEST		request_36	1635876236274	1635876236468	OK	 
REQUEST		request_37	1635876236354	1635876236475	OK	 
REQUEST		request_24	1635876236167	1635876236476	OK	 
REQUEST		request_21	1635876236167	1635876236477	OK	 
REQUEST		request_17	1635876236166	1635876236477	OK	 
REQUEST		request_13	1635876236135	1635876236481	OK	 
REQUEST		request_1	1635876236274	1635876236482	OK	 
REQUEST		request_32	1635876236196	1635876236490	OK	 
REQUEST		css2?family=DM+Sans:ital,wght@0,400;0,500;0,700;1,400;1,500;1,700&display=swap	1635876236266	1635876236495	OK	 
REQUEST		request_20	1635876236166	1635876236502	OK	 
REQUEST		request_30	1635876236064	1635876236502	OK	 
REQUEST		request_33	1635876236256	1635876236503	OK	 
REQUEST		request_16	1635876236136	1635876236510	OK	 
REQUEST		request_25	1635876236216	1635876236510	OK	 
REQUEST		request_27	1635876236231	1635876236513	OK	 
REQUEST		request_26	1635876236339	1635876236520	OK	 
REQUEST		request_29	1635876236370	1635876236520	OK	 
REQUEST		js?id=UA-53375088-1	1635876236126	1635876236521	OK	 
REQUEST		request_14	1635876236136	1635876236525	OK	 
REQUEST		request_23	1635876236311	1635876236525	OK	 
REQUEST		request_39	1635876236298	1635876236558	OK	 
REQUEST		request_28	1635876236364	1635876236568	OK	 
REQUEST		request_35	1635876236371	1635876236568	OK	 
REQUEST		request_40	1635876236167	1635876236572	OK	 
REQUEST		request_19	1635876236142	1635876236574	OK	 
REQUEST		request_31	1635876236326	1635876236614	OK	 
REQUEST		request_39	1635876236567	1635876236621	OK	 
REQUEST		request_34	1635876236153	1635876236709	OK	 
REQUEST		request_39	1635876236624	1635876236729	OK	 
REQUEST		request_39	1635876236731	1635876236777	OK	 
REQUEST		gatling-favicon.png	1635876236232	1635876236809	OK	 
REQUEST		gatling-favicon-1.png	1635876236233	1635876236811	OK	 
REQUEST		logo-gatling.svg	1635876236234	1635876236824	OK	 
REQUEST		logo-gatling-noir.svg	1635876236233	1635876236825	OK	 
REQUEST		main.c140ba52ef69f5424b8b8c12f3173f6fdfcac12dfea66b9c4db9456047295a47b6ff2e528eeab87975ac00ca78f45a7d775c5a45a58675df5c5ec54ac74bd5c5.css	1635876236232	1635876236827	OK	 
REQUEST		request_39	1635876236778	1635876236906	OK	 
REQUEST		request_6	1635876236837	1635876236978	OK	 
REQUEST		request_39	1635876236907	1635876236984	OK	 
REQUEST		jquery.min.e1fcfd6f73099aa1be584a62b12290a21858b160705b787269ea79c6b9035add1a447ef74aa66f8172d5189a922e4b6a68f2f6711ba067f2a4de6c2d26bbc971.js	1635876236234	1635876237107	OK	 
REQUEST		index.js	1635876236811	1635876237109	OK	 
REQUEST		request_5	1635876236826	1635876237112	OK	 
REQUEST		request_7	1635876236979	1635876237119	OK	 
REQUEST		main.min.675b6b7e6bfa0239b2218b233e51e5ff80bd43e13d0dcec2f1abf709ac9091a7182ed0b830e5eb240af17e4d781620ad30acfd058af12934d3eae0b8534f76e9.js	1635876236810	1635876237253	OK	 
REQUEST		request_9	1635876237109	1635876237255	OK	 
REQUEST		request_8	1635876237108	1635876237255	OK	 
REQUEST		request_18	1635876237113	1635876237420	OK	 
REQUEST		request_2	1635876236825	1635876237539	OK	 
REQUEST		request_41	1635876241545	1635876241580	OK	 
USER	gatling	END	1635876241592
